{"name": "Тест неподтверждения отправки нового заказа с лендинга", "status": "failed", "statusDetails": {"message": "AssertionError: Input 'ст. ' is invalid: Введите корректный адрес", "trace": "self = <test_order.TestOrder object at 0x7f9af64ad850>, webdriver = <selenium.webdriver.firefox.webdriver.WebDriver (session=\"87108889-d974-49a0-8e0c-e8eaf333aa37\")>\n\n    @allure.title('Тест неподтверждения отправки нового заказа с лендинга')\n    @allure.description('Переходим к созданию нового заказа через кнопку в лендинге, \\\n                        заполняем необходимые поля и **не** подтверждаем отправку заказа, \\\n                        проверяем, что вернулись на форму заполнения информации об аренде')\n    def test_order_from_landing_not_confirm(self, webdriver: WebDriver):\n        landing_page = LandingPage(webdriver)\n        landing_page.scroll_to_button_order()\n        landing_page.click_button_order()\n    \n        order_customer_page = OrderCustomerPage(webdriver)\n>       order_customer_page.fill_form()\n\ntests/test_order.py:84: \n_ _ _ _ _ _ _ _ _ _ _ _ _ _ _ _ _ _ _ _ _ _ _ _ _ _ _ _ _ _ _ _ _ _ _ _ _ _ _ _ _ _ _ _ _ _ _ _ _ _ _ _ _ _ _ _ _ _ _ _ _ _ _ _ _ _ _ _ _ _ _ _ _ _ _ _ _ _ _ _ _ _ _ _ _ _ _ _ _ _ _ _ _ _ _ \npages/order_customer_page.py:30: in fill_form\n    self.check_valid_address()\npages/order_customer_page.py:76: in check_valid_address\n    self.check_valid_input(self.input_address)\n_ _ _ _ _ _ _ _ _ _ _ _ _ _ _ _ _ _ _ _ _ _ _ _ _ _ _ _ _ _ _ _ _ _ _ _ _ _ _ _ _ _ _ _ _ _ _ _ _ _ _ _ _ _ _ _ _ _ _ _ _ _ _ _ _ _ _ _ _ _ _ _ _ _ _ _ _ _ _ _ _ _ _ _ _ _ _ _ _ _ _ _ _ _ _ \n\nself = <pages.order_customer_page.OrderCustomerPage object at 0x7f9af6380bd0>, locator = ['xpath', './/input[starts-with(@class, \"Input_Input\") and contains(@placeholder, \"Адрес\")]']\n\n    def check_valid_input(self, locator: List[str]):\n        input_element = self.webdriver.find_element(*locator)\n    \n        given_value = input_element.get_attribute('value')\n    \n        input_element.clear()\n        input_element.send_keys(given_value)\n    \n        error_locator = [By.XPATH, f'{locator[1]}/../div']\n    \n        error_element = self.webdriver.find_element(*error_locator)\n    \n        is_valid = len(error_element.text) == 0\n    \n>       assert is_valid, f'Input \\'{given_value}\\' is invalid: {error_element.text}'\nE       AssertionError: Input 'ст. ' is invalid: Введите корректный адрес\n\npages/base_page.py:56: AssertionError"}, "description": "Переходим к созданию нового заказа через кнопку в лендинге,                         заполняем необходимые поля и **не** подтверждаем отправку заказа,                         проверяем, что вернулись на форму заполнения информации об аренде", "steps": [{"name": "Скролл к кнопке Заказать", "status": "passed", "start": 1682067267962, "stop": 1682067267969}, {"name": "Клик на кнопку Заказать", "status": "passed", "start": 1682067267969, "stop": 1682067268267}, {"name": "Заполнение информации о заказчике", "status": "failed", "statusDetails": {"message": "AssertionError: Input 'ст. ' is invalid: Введите корректный адрес\n", "trace": "  File \"/home/user/yandex-practicum/Sprint_4/.venv/lib/python3.11/site-packages/allure_commons/_allure.py\", line 192, in impl\n    return func(*a, **kw)\n           ^^^^^^^^^^^^^^\n  File \"/home/user/yandex-practicum/Sprint_4/pages/order_customer_page.py\", line 30, in fill_form\n    self.check_valid_address()\n  File \"/home/user/yandex-practicum/Sprint_4/.venv/lib/python3.11/site-packages/allure_commons/_allure.py\", line 192, in impl\n    return func(*a, **kw)\n           ^^^^^^^^^^^^^^\n  File \"/home/user/yandex-practicum/Sprint_4/pages/order_customer_page.py\", line 76, in check_valid_address\n    self.check_valid_input(self.input_address)\n  File \"/home/user/yandex-practicum/Sprint_4/pages/base_page.py\", line 56, in check_valid_input\n    assert is_valid, f'Input \\'{given_value}\\' is invalid: {error_element.text}'\n"}, "steps": [{"name": "Ввод информации о заказчике: имя", "status": "passed", "parameters": [{"name": "value", "value": "'Иван'"}], "start": 1682067268269, "stop": 1682067268377}, {"name": "Проверка валидности ввода: имя", "status": "passed", "start": 1682067268377, "stop": 1682067268436}, {"name": "Ввод информации о заказчике: фамилия", "status": "passed", "parameters": [{"name": "value", "value": "'Герасимов'"}], "start": 1682067268436, "stop": 1682067268475}, {"name": "Проверка валидности ввода: фамилия", "status": "passed", "start": 1682067268475, "stop": 1682067268537}, {"name": "Ввод информации о заказчике: адрес", "status": "passed", "parameters": [{"name": "value", "value": "'ст. '"}], "start": 1682067268537, "stop": 1682067268556}, {"name": "Проверка валидности ввода: адрес", "status": "failed", "statusDetails": {"message": "AssertionError: Input 'ст. ' is invalid: Введите корректный адрес\n", "trace": "  File \"/home/user/yandex-practicum/Sprint_4/.venv/lib/python3.11/site-packages/allure_commons/_allure.py\", line 192, in impl\n    return func(*a, **kw)\n           ^^^^^^^^^^^^^^\n  File \"/home/user/yandex-practicum/Sprint_4/pages/order_customer_page.py\", line 76, in check_valid_address\n    self.check_valid_input(self.input_address)\n  File \"/home/user/yandex-practicum/Sprint_4/pages/base_page.py\", line 56, in check_valid_input\n    assert is_valid, f'Input \\'{given_value}\\' is invalid: {error_element.text}'\n"}, "start": 1682067268556, "stop": 1682067268613}], "start": 1682067268268, "stop": 1682067268613}], "attachments": [{"name": "test_order_from_landing_not_confirm.png", "source": "815790ff-6e03-40a4-a2fd-cf25a345c7a1-attachment.png", "type": "image/png"}], "start": 1682067267961, "stop": 1682067268614, "uuid": "b74396d9-e57f-4f2d-881d-d9220e8a7806", "historyId": "cac3f2860f7c0d271550e3eba1ce7db6", "testCaseId": "23c037df7ba3323b68b90f4fd2bfdf75", "fullName": "tests.test_order.TestOrder#test_order_from_landing_not_confirm", "labels": [{"name": "parentSuite", "value": "tests"}, {"name": "suite", "value": "test_order"}, {"name": "subSuite", "value": "TestOrder"}, {"name": "host", "value": "workstation"}, {"name": "thread", "value": "162035-MainThread"}, {"name": "framework", "value": "pytest"}, {"name": "language", "value": "cpython3"}, {"name": "package", "value": "tests.test_order"}]}