{"name": "Тест получения статуса заказа со страницы успешного завершения оформления заказа", "status": "failed", "statusDetails": {"message": "AssertionError: Input 'С' is invalid: Введите корректную фамилию", "trace": "self = <test_track.TestTrack object at 0x7f708f81acd0>, webdriver = <selenium.webdriver.firefox.webdriver.WebDriver (session=\"08e3602e-eaf5-4399-af46-c0cd81baa0a8\")>\n\n    @allure.title('Тест получения статуса заказа со страницы успешного завершения оформления заказа')\n    @allure.description('Создаём заказ, кликаем на кнопку **Посмотреть статус** сразу после создания заказа, \\\n                        проверяем, что на странице присутствует блок информации о заказе')\n    def test_get_order_status_on_completed(self, webdriver: WebDriver):\n        base_page = BasePage(webdriver)\n    \n        main_page = MainPage(webdriver, base_page)\n        main_page.click_button_order()\n    \n>       self.__make_order_common(webdriver)\n\ntests/test_track.py:25: \n_ _ _ _ _ _ _ _ _ _ _ _ _ _ _ _ _ _ _ _ _ _ _ _ _ _ _ _ _ _ _ _ _ _ _ _ _ _ _ _ _ _ _ _ _ _ _ _ _ _ _ _ _ _ _ _ _ _ _ _ _ _ _ _ _ _ _ _ _ _ _ _ _ _ _ _ _ _ _ _ _ _ _ _ _ _ _ _ _ _ _ _ _ _ _ \ntests/test_track.py:71: in __make_order_common\n    order_customer_page.check_valid_last_name()\npages/order_customer_page.py:88: in check_valid_last_name\n    self.__check_valid_input(self.input_last_name)\n_ _ _ _ _ _ _ _ _ _ _ _ _ _ _ _ _ _ _ _ _ _ _ _ _ _ _ _ _ _ _ _ _ _ _ _ _ _ _ _ _ _ _ _ _ _ _ _ _ _ _ _ _ _ _ _ _ _ _ _ _ _ _ _ _ _ _ _ _ _ _ _ _ _ _ _ _ _ _ _ _ _ _ _ _ _ _ _ _ _ _ _ _ _ _ \n\nself = <pages.order_customer_page.OrderCustomerPage object at 0x7f708f6cc9d0>, locator = ['xpath', './/input[starts-with(@class, \"Input_Input\") and contains(@placeholder, \"Фамилия\")]']\n\n    def __check_valid_input(self, locator: List[str]):\n        input_element = self.webdriver.find_element(*locator)\n    \n        given_value = input_element.get_attribute('value')\n    \n        input_element.clear()\n        input_element.send_keys(given_value)\n    \n        error_locator = [By.XPATH, f'{locator[1]}/../div']\n    \n        error_element = self.webdriver.find_element(*error_locator)\n    \n        is_valid = len(error_element.text) == 0\n    \n>       assert is_valid, f'Input \\'{given_value}\\' is invalid: {error_element.text}'\nE       AssertionError: Input 'С' is invalid: Введите корректную фамилию\n\npages/order_customer_page.py:117: AssertionError"}, "description": "Создаём заказ, кликаем на кнопку **Посмотреть статус** сразу после создания заказа,                         проверяем, что на странице присутствует блок информации о заказе", "steps": [{"name": "Клик на кнопку Заказать", "status": "passed", "start": 1681979896008, "stop": 1681979896245}, {"name": "Ввод информации о заказчике: имя", "status": "passed", "parameters": [{"name": "value", "value": "'Елизавета'"}], "start": 1681979896246, "stop": 1681979896367}, {"name": "Проверка валидности ввода: имя", "status": "passed", "start": 1681979896367, "stop": 1681979896454}, {"name": "Ввод информации о заказчике: фамилия", "status": "passed", "parameters": [{"name": "value", "value": "'Сысоева'"}], "start": 1681979896455, "stop": 1681979896467}, {"name": "Проверка валидности ввода: фамилия", "status": "failed", "statusDetails": {"message": "AssertionError: Input 'С' is invalid: Введите корректную фамилию\n", "trace": "  File \"/home/user/yandex-practicum/Sprint_4/.venv/lib/python3.11/site-packages/allure_commons/_allure.py\", line 192, in impl\n    return func(*a, **kw)\n           ^^^^^^^^^^^^^^\n  File \"/home/user/yandex-practicum/Sprint_4/pages/order_customer_page.py\", line 88, in check_valid_last_name\n    self.__check_valid_input(self.input_last_name)\n  File \"/home/user/yandex-practicum/Sprint_4/pages/order_customer_page.py\", line 117, in __check_valid_input\n    assert is_valid, f'Input \\'{given_value}\\' is invalid: {error_element.text}'\n"}, "start": 1681979896468, "stop": 1681979896526}], "attachments": [{"name": "test_get_order_status_on_completed.png", "source": "035a2bf0-7bea-444c-9b90-69ea594904d7-attachment.png", "type": "image/png"}], "start": 1681979896007, "stop": 1681979896526, "uuid": "c2d6b335-35bf-4a11-a999-91fb11c4a39c", "historyId": "6db7b08e3bb2eaea16d6770088295259", "testCaseId": "8a60dce236914ec069ab9ecd190ad614", "fullName": "tests.test_track.TestTrack#test_get_order_status_on_completed", "labels": [{"name": "parentSuite", "value": "tests"}, {"name": "suite", "value": "test_track"}, {"name": "subSuite", "value": "TestTrack"}, {"name": "host", "value": "workstation"}, {"name": "thread", "value": "91721-MainThread"}, {"name": "framework", "value": "pytest"}, {"name": "language", "value": "cpython3"}, {"name": "package", "value": "tests.test_track"}]}