{"name": "Тест получения статуса заказа со страницы успешного завершения оформления заказа", "status": "failed", "statusDetails": {"message": "AssertionError: Input 'г. М' is invalid: Введите корректный адрес", "trace": "self = <test_track.TestTrack object at 0x7f9af64aeb10>, webdriver = <selenium.webdriver.firefox.webdriver.WebDriver (session=\"03edad4e-c38c-41a1-80ce-c22c58f64ff5\")>\n\n    @allure.title('Тест получения статуса заказа со страницы успешного завершения оформления заказа')\n    @allure.description('Создаём заказ, кликаем на кнопку **Посмотреть статус** сразу после создания заказа, \\\n                        проверяем, что на странице присутствует блок информации о заказе')\n    def test_get_order_status_on_completed(self, webdriver: WebDriver):\n        main_page = MainPage(webdriver)\n        main_page.click_button_order()\n    \n        order_customer_page = OrderCustomerPage(webdriver)\n>       order_customer_page.fill_form()\n\ntests/test_track.py:23: \n_ _ _ _ _ _ _ _ _ _ _ _ _ _ _ _ _ _ _ _ _ _ _ _ _ _ _ _ _ _ _ _ _ _ _ _ _ _ _ _ _ _ _ _ _ _ _ _ _ _ _ _ _ _ _ _ _ _ _ _ _ _ _ _ _ _ _ _ _ _ _ _ _ _ _ _ _ _ _ _ _ _ _ _ _ _ _ _ _ _ _ _ _ _ _ \npages/order_customer_page.py:30: in fill_form\n    self.check_valid_address()\npages/order_customer_page.py:76: in check_valid_address\n    self.check_valid_input(self.input_address)\n_ _ _ _ _ _ _ _ _ _ _ _ _ _ _ _ _ _ _ _ _ _ _ _ _ _ _ _ _ _ _ _ _ _ _ _ _ _ _ _ _ _ _ _ _ _ _ _ _ _ _ _ _ _ _ _ _ _ _ _ _ _ _ _ _ _ _ _ _ _ _ _ _ _ _ _ _ _ _ _ _ _ _ _ _ _ _ _ _ _ _ _ _ _ _ \n\nself = <pages.order_customer_page.OrderCustomerPage object at 0x7f9af630ba90>, locator = ['xpath', './/input[starts-with(@class, \"Input_Input\") and contains(@placeholder, \"Адрес\")]']\n\n    def check_valid_input(self, locator: List[str]):\n        input_element = self.webdriver.find_element(*locator)\n    \n        given_value = input_element.get_attribute('value')\n    \n        input_element.clear()\n        input_element.send_keys(given_value)\n    \n        error_locator = [By.XPATH, f'{locator[1]}/../div']\n    \n        error_element = self.webdriver.find_element(*error_locator)\n    \n        is_valid = len(error_element.text) == 0\n    \n>       assert is_valid, f'Input \\'{given_value}\\' is invalid: {error_element.text}'\nE       AssertionError: Input 'г. М' is invalid: Введите корректный адрес\n\npages/base_page.py:56: AssertionError"}, "description": "Создаём заказ, кликаем на кнопку **Посмотреть статус** сразу после создания заказа,                         проверяем, что на странице присутствует блок информации о заказе", "steps": [{"name": "Клик на кнопку Заказать", "status": "passed", "start": 1682067273717, "stop": 1682067273958}, {"name": "Заполнение информации о заказчике", "status": "failed", "statusDetails": {"message": "AssertionError: Input 'г. М' is invalid: Введите корректный адрес\n", "trace": "  File \"/home/user/yandex-practicum/Sprint_4/.venv/lib/python3.11/site-packages/allure_commons/_allure.py\", line 192, in impl\n    return func(*a, **kw)\n           ^^^^^^^^^^^^^^\n  File \"/home/user/yandex-practicum/Sprint_4/pages/order_customer_page.py\", line 30, in fill_form\n    self.check_valid_address()\n  File \"/home/user/yandex-practicum/Sprint_4/.venv/lib/python3.11/site-packages/allure_commons/_allure.py\", line 192, in impl\n    return func(*a, **kw)\n           ^^^^^^^^^^^^^^\n  File \"/home/user/yandex-practicum/Sprint_4/pages/order_customer_page.py\", line 76, in check_valid_address\n    self.check_valid_input(self.input_address)\n  File \"/home/user/yandex-practicum/Sprint_4/pages/base_page.py\", line 56, in check_valid_input\n    assert is_valid, f'Input \\'{given_value}\\' is invalid: {error_element.text}'\n"}, "steps": [{"name": "Ввод информации о заказчике: имя", "status": "passed", "parameters": [{"name": "value", "value": "'Кирилл'"}], "start": 1682067273959, "stop": 1682067274060}, {"name": "Проверка валидности ввода: имя", "status": "passed", "start": 1682067274060, "stop": 1682067274148}, {"name": "Ввод информации о заказчике: фамилия", "status": "passed", "parameters": [{"name": "value", "value": "'Прохоров'"}], "start": 1682067274148, "stop": 1682067274185}, {"name": "Проверка валидности ввода: фамилия", "status": "passed", "start": 1682067274185, "stop": 1682067274250}, {"name": "Ввод информации о заказчике: адрес", "status": "passed", "parameters": [{"name": "value", "value": "'г. М'"}], "start": 1682067274251, "stop": 1682067274269}, {"name": "Проверка валидности ввода: адрес", "status": "failed", "statusDetails": {"message": "AssertionError: Input 'г. М' is invalid: Введите корректный адрес\n", "trace": "  File \"/home/user/yandex-practicum/Sprint_4/.venv/lib/python3.11/site-packages/allure_commons/_allure.py\", line 192, in impl\n    return func(*a, **kw)\n           ^^^^^^^^^^^^^^\n  File \"/home/user/yandex-practicum/Sprint_4/pages/order_customer_page.py\", line 76, in check_valid_address\n    self.check_valid_input(self.input_address)\n  File \"/home/user/yandex-practicum/Sprint_4/pages/base_page.py\", line 56, in check_valid_input\n    assert is_valid, f'Input \\'{given_value}\\' is invalid: {error_element.text}'\n"}, "start": 1682067274269, "stop": 1682067274324}], "start": 1682067273959, "stop": 1682067274325}], "attachments": [{"name": "test_get_order_status_on_completed.png", "source": "86704534-50e4-47ca-8469-67753ef56adb-attachment.png", "type": "image/png"}], "start": 1682067273716, "stop": 1682067274325, "uuid": "9e7318c3-c464-4532-bf87-be37e36f9a63", "historyId": "6db7b08e3bb2eaea16d6770088295259", "testCaseId": "8a60dce236914ec069ab9ecd190ad614", "fullName": "tests.test_track.TestTrack#test_get_order_status_on_completed", "labels": [{"name": "parentSuite", "value": "tests"}, {"name": "suite", "value": "test_track"}, {"name": "subSuite", "value": "TestTrack"}, {"name": "host", "value": "workstation"}, {"name": "thread", "value": "162035-MainThread"}, {"name": "framework", "value": "pytest"}, {"name": "language", "value": "cpython3"}, {"name": "package", "value": "tests.test_track"}]}