{"name": "Тест получения статуса заказа с поля поиска в хэдере", "status": "failed", "statusDetails": {"message": "AssertionError: Input 'С' is invalid: Введите корректную фамилию", "trace": "self = <test_track.TestTrack object at 0x7f708f81b390>, webdriver = <selenium.webdriver.firefox.webdriver.WebDriver (session=\"976935b9-f212-4849-b259-70e89c43e0b6\")>\n\n    @allure.title('Тест получения статуса заказа с поля поиска в хэдере')\n    @allure.description('Создаём заказ, кликаем на кнопку **Статус заказа**, вводим номер заказа \\\n                        кликаем на кнопку поиска заказа, проверяем, что на странице присутствует блок информации о заказе')\n    def test_get_order_status_from_header(self, webdriver: WebDriver):\n        base_page = BasePage(webdriver)\n    \n        main_page = MainPage(webdriver, base_page)\n        main_page.click_button_order()\n    \n>       self.__make_order_common(webdriver)\n\ntests/test_track.py:42: \n_ _ _ _ _ _ _ _ _ _ _ _ _ _ _ _ _ _ _ _ _ _ _ _ _ _ _ _ _ _ _ _ _ _ _ _ _ _ _ _ _ _ _ _ _ _ _ _ _ _ _ _ _ _ _ _ _ _ _ _ _ _ _ _ _ _ _ _ _ _ _ _ _ _ _ _ _ _ _ _ _ _ _ _ _ _ _ _ _ _ _ _ _ _ _ \ntests/test_track.py:71: in __make_order_common\n    order_customer_page.check_valid_last_name()\npages/order_customer_page.py:88: in check_valid_last_name\n    self.__check_valid_input(self.input_last_name)\n_ _ _ _ _ _ _ _ _ _ _ _ _ _ _ _ _ _ _ _ _ _ _ _ _ _ _ _ _ _ _ _ _ _ _ _ _ _ _ _ _ _ _ _ _ _ _ _ _ _ _ _ _ _ _ _ _ _ _ _ _ _ _ _ _ _ _ _ _ _ _ _ _ _ _ _ _ _ _ _ _ _ _ _ _ _ _ _ _ _ _ _ _ _ _ \n\nself = <pages.order_customer_page.OrderCustomerPage object at 0x7f708f6c62d0>, locator = ['xpath', './/input[starts-with(@class, \"Input_Input\") and contains(@placeholder, \"Фамилия\")]']\n\n    def __check_valid_input(self, locator: List[str]):\n        input_element = self.webdriver.find_element(*locator)\n    \n        given_value = input_element.get_attribute('value')\n    \n        input_element.clear()\n        input_element.send_keys(given_value)\n    \n        error_locator = [By.XPATH, f'{locator[1]}/../div']\n    \n        error_element = self.webdriver.find_element(*error_locator)\n    \n        is_valid = len(error_element.text) == 0\n    \n>       assert is_valid, f'Input \\'{given_value}\\' is invalid: {error_element.text}'\nE       AssertionError: Input 'С' is invalid: Введите корректную фамилию\n\npages/order_customer_page.py:117: AssertionError"}, "description": "Создаём заказ, кликаем на кнопку **Статус заказа**, вводим номер заказа                         кликаем на кнопку поиска заказа, проверяем, что на странице присутствует блок информации о заказе", "steps": [{"name": "Клик на кнопку Заказать", "status": "passed", "start": 1681979901720, "stop": 1681979901958}, {"name": "Ввод информации о заказчике: имя", "status": "passed", "parameters": [{"name": "value", "value": "'Рудольфовна'"}], "start": 1681979901958, "stop": 1681979902093}, {"name": "Проверка валидности ввода: имя", "status": "passed", "start": 1681979902094, "stop": 1681979902194}, {"name": "Ввод информации о заказчике: фамилия", "status": "passed", "parameters": [{"name": "value", "value": "'София'"}], "start": 1681979902194, "stop": 1681979902209}, {"name": "Проверка валидности ввода: фамилия", "status": "failed", "statusDetails": {"message": "AssertionError: Input 'С' is invalid: Введите корректную фамилию\n", "trace": "  File \"/home/user/yandex-practicum/Sprint_4/.venv/lib/python3.11/site-packages/allure_commons/_allure.py\", line 192, in impl\n    return func(*a, **kw)\n           ^^^^^^^^^^^^^^\n  File \"/home/user/yandex-practicum/Sprint_4/pages/order_customer_page.py\", line 88, in check_valid_last_name\n    self.__check_valid_input(self.input_last_name)\n  File \"/home/user/yandex-practicum/Sprint_4/pages/order_customer_page.py\", line 117, in __check_valid_input\n    assert is_valid, f'Input \\'{given_value}\\' is invalid: {error_element.text}'\n"}, "start": 1681979902209, "stop": 1681979902258}], "attachments": [{"name": "test_get_order_status_from_header.png", "source": "32ba3667-65a2-4609-81d6-6f4147e5c20a-attachment.png", "type": "image/png"}], "start": 1681979901720, "stop": 1681979902259, "uuid": "bda5fde6-00ed-4549-aedf-9372f523005d", "historyId": "0ee7cc51b626bc9fba38ba15f466f3c4", "testCaseId": "e1aa41768f7d7fe6f2c39c4d88abc4ed", "fullName": "tests.test_track.TestTrack#test_get_order_status_from_header", "labels": [{"name": "parentSuite", "value": "tests"}, {"name": "suite", "value": "test_track"}, {"name": "subSuite", "value": "TestTrack"}, {"name": "host", "value": "workstation"}, {"name": "thread", "value": "91721-MainThread"}, {"name": "framework", "value": "pytest"}, {"name": "language", "value": "cpython3"}, {"name": "package", "value": "tests.test_track"}]}