{"name": "Тест подтверждения отправки нового заказа с лендинга", "status": "failed", "statusDetails": {"message": "AssertionError: Input 'клх ' is invalid: Введите корректный адрес", "trace": "self = <test_order.TestOrder object at 0x7f9af64aca10>, webdriver = <selenium.webdriver.firefox.webdriver.WebDriver (session=\"ab217b22-dfbd-47a9-8110-c05f5035d797\")>\n\n    @allure.title('Тест подтверждения отправки нового заказа с лендинга')\n    @allure.description('Переходим к созданию нового заказа через кнопку в лендинге, \\\n                        заполняем необходимые поля и подтверждаем отправку заказа, \\\n                        проверяем, что заказ получил свой ID')\n    def test_order_from_landing_confirm(self, webdriver: WebDriver):\n        landing_page = LandingPage(webdriver)\n        landing_page.scroll_to_button_order()\n        landing_page.click_button_order()\n    \n        order_customer_page = OrderCustomerPage(webdriver)\n>       order_customer_page.fill_form()\n\ntests/test_order.py:44: \n_ _ _ _ _ _ _ _ _ _ _ _ _ _ _ _ _ _ _ _ _ _ _ _ _ _ _ _ _ _ _ _ _ _ _ _ _ _ _ _ _ _ _ _ _ _ _ _ _ _ _ _ _ _ _ _ _ _ _ _ _ _ _ _ _ _ _ _ _ _ _ _ _ _ _ _ _ _ _ _ _ _ _ _ _ _ _ _ _ _ _ _ _ _ _ \npages/order_customer_page.py:30: in fill_form\n    self.check_valid_address()\npages/order_customer_page.py:76: in check_valid_address\n    self.check_valid_input(self.input_address)\n_ _ _ _ _ _ _ _ _ _ _ _ _ _ _ _ _ _ _ _ _ _ _ _ _ _ _ _ _ _ _ _ _ _ _ _ _ _ _ _ _ _ _ _ _ _ _ _ _ _ _ _ _ _ _ _ _ _ _ _ _ _ _ _ _ _ _ _ _ _ _ _ _ _ _ _ _ _ _ _ _ _ _ _ _ _ _ _ _ _ _ _ _ _ _ \n\nself = <pages.order_customer_page.OrderCustomerPage object at 0x7f9af64cbe10>, locator = ['xpath', './/input[starts-with(@class, \"Input_Input\") and contains(@placeholder, \"Адрес\")]']\n\n    def check_valid_input(self, locator: List[str]):\n        input_element = self.webdriver.find_element(*locator)\n    \n        given_value = input_element.get_attribute('value')\n    \n        input_element.clear()\n        input_element.send_keys(given_value)\n    \n        error_locator = [By.XPATH, f'{locator[1]}/../div']\n    \n        error_element = self.webdriver.find_element(*error_locator)\n    \n        is_valid = len(error_element.text) == 0\n    \n>       assert is_valid, f'Input \\'{given_value}\\' is invalid: {error_element.text}'\nE       AssertionError: Input 'клх ' is invalid: Введите корректный адрес\n\npages/base_page.py:56: AssertionError"}, "description": "Переходим к созданию нового заказа через кнопку в лендинге,                         заполняем необходимые поля и подтверждаем отправку заказа,                         проверяем, что заказ получил свой ID", "steps": [{"name": "Скролл к кнопке Заказать", "status": "passed", "start": 1682067256443, "stop": 1682067256462}, {"name": "Клик на кнопку Заказать", "status": "passed", "start": 1682067256463, "stop": 1682067256772}, {"name": "Заполнение информации о заказчике", "status": "failed", "statusDetails": {"message": "AssertionError: Input 'клх ' is invalid: Введите корректный адрес\n", "trace": "  File \"/home/user/yandex-practicum/Sprint_4/.venv/lib/python3.11/site-packages/allure_commons/_allure.py\", line 192, in impl\n    return func(*a, **kw)\n           ^^^^^^^^^^^^^^\n  File \"/home/user/yandex-practicum/Sprint_4/pages/order_customer_page.py\", line 30, in fill_form\n    self.check_valid_address()\n  File \"/home/user/yandex-practicum/Sprint_4/.venv/lib/python3.11/site-packages/allure_commons/_allure.py\", line 192, in impl\n    return func(*a, **kw)\n           ^^^^^^^^^^^^^^\n  File \"/home/user/yandex-practicum/Sprint_4/pages/order_customer_page.py\", line 76, in check_valid_address\n    self.check_valid_input(self.input_address)\n  File \"/home/user/yandex-practicum/Sprint_4/pages/base_page.py\", line 56, in check_valid_input\n    assert is_valid, f'Input \\'{given_value}\\' is invalid: {error_element.text}'\n"}, "steps": [{"name": "Ввод информации о заказчике: имя", "status": "passed", "parameters": [{"name": "value", "value": "'Ия'"}], "start": 1682067256773, "stop": 1682067256854}, {"name": "Проверка валидности ввода: имя", "status": "passed", "start": 1682067256855, "stop": 1682067256911}, {"name": "Ввод информации о заказчике: фамилия", "status": "passed", "parameters": [{"name": "value", "value": "'Петухова'"}], "start": 1682067256911, "stop": 1682067256953}, {"name": "Проверка валидности ввода: фамилия", "status": "passed", "start": 1682067256953, "stop": 1682067257018}, {"name": "Ввод информации о заказчике: адрес", "status": "passed", "parameters": [{"name": "value", "value": "'клх '"}], "start": 1682067257019, "stop": 1682067257040}, {"name": "Проверка валидности ввода: адрес", "status": "failed", "statusDetails": {"message": "AssertionError: Input 'клх ' is invalid: Введите корректный адрес\n", "trace": "  File \"/home/user/yandex-practicum/Sprint_4/.venv/lib/python3.11/site-packages/allure_commons/_allure.py\", line 192, in impl\n    return func(*a, **kw)\n           ^^^^^^^^^^^^^^\n  File \"/home/user/yandex-practicum/Sprint_4/pages/order_customer_page.py\", line 76, in check_valid_address\n    self.check_valid_input(self.input_address)\n  File \"/home/user/yandex-practicum/Sprint_4/pages/base_page.py\", line 56, in check_valid_input\n    assert is_valid, f'Input \\'{given_value}\\' is invalid: {error_element.text}'\n"}, "start": 1682067257040, "stop": 1682067257109}], "start": 1682067256772, "stop": 1682067257110}], "attachments": [{"name": "test_order_from_landing_confirm.png", "source": "000b5ed0-7e4c-4f70-89ea-33303f257ce6-attachment.png", "type": "image/png"}], "start": 1682067256442, "stop": 1682067257110, "uuid": "cc0897ce-a53c-43af-b45b-8cb6c63956aa", "historyId": "420d983e753c6b4d76992404244a62dc", "testCaseId": "fa63f77e8914458d257dc77677e0a204", "fullName": "tests.test_order.TestOrder#test_order_from_landing_confirm", "labels": [{"name": "parentSuite", "value": "tests"}, {"name": "suite", "value": "test_order"}, {"name": "subSuite", "value": "TestOrder"}, {"name": "host", "value": "workstation"}, {"name": "thread", "value": "162035-MainThread"}, {"name": "framework", "value": "pytest"}, {"name": "language", "value": "cpython3"}, {"name": "package", "value": "tests.test_order"}]}